Using pre-set license
Built from '2020.2/staging' branch; Version is '2020.2.6f1 (8a2143876886) revision 9052483'; Using compiler version '192528614'; Build Type 'Release'
OS: 'Windows 10 Pro; OS build 19042.804; Version 2009; 64bit' Language: 'pt' Physical Memory: 16317 MB
BatchMode: 1, IsHumanControllingUs: 0, StartBugReporterOnCrash: 0, Is64bit: 1, IsPro: 0

 COMMAND LINE ARGUMENTS:
C:\Program Files\Unity\Hub\Editor\2020.2.6f1\Editor\Unity.exe
-adb2
-batchMode
-noUpm
-name
AssetImportWorker0
-projectPath
C:/Users/gabri/Documents/PCBJ/LAB 3 e 4 - Jogo de Cartas/Lab3_Cartas
-logFile
Logs/AssetImportWorker0.log
-srvPort
52294
Successfully changed project path to: C:/Users/gabri/Documents/PCBJ/LAB 3 e 4 - Jogo de Cartas/Lab3_Cartas
C:/Users/gabri/Documents/PCBJ/LAB 3 e 4 - Jogo de Cartas/Lab3_Cartas
Using Asset Import Pipeline V2.
Refreshing native plugins compatible for Editor in 34.35 ms, found 1 plugins.
Preloading 0 native plugins for Editor in 0.00 ms.
Initialize engine version: 2020.2.6f1 (8a2143876886)
[Subsystems] Discovering subsystems at path C:/Program Files/Unity/Hub/Editor/2020.2.6f1/Editor/Data/Resources/UnitySubsystems
[Subsystems] Discovering subsystems at path C:/Users/gabri/Documents/PCBJ/LAB 3 e 4 - Jogo de Cartas/Lab3_Cartas/Assets
GfxDevice: creating device client; threaded=0
Direct3D:
    Version:  Direct3D 11.0 [level 11.1]
    Renderer: NVIDIA GeForce GTX 1070 Ti (ID=0x1b82)
    Vendor:   
    VRAM:     8079 MB
    Driver:   27.21.14.6172
Initialize mono
Mono path[0] = 'C:/Program Files/Unity/Hub/Editor/2020.2.6f1/Editor/Data/Managed'
Mono path[1] = 'C:/Program Files/Unity/Hub/Editor/2020.2.6f1/Editor/Data/MonoBleedingEdge/lib/mono/unityjit'
Mono config path = 'C:/Program Files/Unity/Hub/Editor/2020.2.6f1/Editor/Data/MonoBleedingEdge/etc'
Using monoOptions --debugger-agent=transport=dt_socket,embedding=1,server=y,suspend=n,address=127.0.0.1:56520
Begin MonoManager ReloadAssembly
Registering precompiled unity dll's ...
Register platform support module: C:/Program Files/Unity/Hub/Editor/2020.2.6f1/Editor/Data/PlaybackEngines/WindowsStandaloneSupport/UnityEditor.WindowsStandalone.Extensions.dll
Registered in 0.001882 seconds.
Native extension for WindowsStandalone target not found
Refreshing native plugins compatible for Editor in 40.84 ms, found 1 plugins.
Preloading 0 native plugins for Editor in 0.00 ms.
Invoked RoslynAnalysisRunner static constructor.
RoslynAnalysisRunner will not be running.
RoslynAnalysisRunner has terminated.
Mono: successfully reloaded assembly
- Completed reload, in  1.760 seconds
Platform modules already initialized, skipping
Registering precompiled user dll's ...
Registered in 0.000988 seconds.
Begin MonoManager ReloadAssembly
Native extension for WindowsStandalone target not found
Refreshing native plugins compatible for Editor in 36.21 ms, found 1 plugins.
Preloading 0 native plugins for Editor in 0.00 ms.
Invoked RoslynAnalysisRunner static constructor.
RoslynAnalysisRunner will not be running.
RoslynAnalysisRunner has terminated.
Mono: successfully reloaded assembly
- Completed reload, in  0.898 seconds
Platform modules already initialized, skipping
========================================================================
Worker process is ready to serve import requests
Launched and connected shader compiler UnityShaderCompiler.exe after 0.04 seconds
Refreshing native plugins compatible for Editor in 0.35 ms, found 1 plugins.
Preloading 0 native plugins for Editor in 0.00 ms.
Unloading 1798 Unused Serialized files (Serialized files now loaded: 0)
System memory in use before: 84.4 MB.
System memory in use after: 84.5 MB.

Unloading 19 unused Assets to reduce memory usage. Loaded Objects now: 2246.
Total: 2.147200 ms (FindLiveObjects: 0.248800 ms CreateObjectMapping: 0.221500 ms MarkObjects: 1.611000 ms  DeleteObjects: 0.064400 ms)

========================================================================
Received Import Request.
  path: Assets/Scripts/ManageCartas.cs
  artifactKey: Guid(d749275518d397349823a997cb22e2c7) Importer(815301076,1909f56bfc062723c751e8b465ee728b)
Start importing Assets/Scripts/ManageCartas.cs using Guid(d749275518d397349823a997cb22e2c7) Importer(815301076,1909f56bfc062723c751e8b465ee728b)  -> (artifact id: '8edc5f7cb40bc69419c1b6ff48cf9830') in 0.028596 seconds
  Import took 0.032237 seconds .

========================================================================
Received Import Request.
  Time since last request: 588.736167 seconds.
  path: Assets/Scripts/NewBehaviourScript.cs
  artifactKey: Guid(01b7d42aff1338d4093d94bb2777a8c7) Importer(815301076,1909f56bfc062723c751e8b465ee728b)
Start importing Assets/Scripts/NewBehaviourScript.cs using Guid(01b7d42aff1338d4093d94bb2777a8c7) Importer(815301076,1909f56bfc062723c751e8b465ee728b)  -> (artifact id: '948b160ab86647392bcd4f4eeb67d5a4') in 0.006179 seconds
  Import took 0.009437 seconds .

========================================================================
Received Prepare
Registering precompiled user dll's ...
Registered in 0.000934 seconds.
Begin MonoManager ReloadAssembly
Native extension for WindowsStandalone target not found
Refreshing native plugins compatible for Editor in 0.34 ms, found 1 plugins.
Preloading 0 native plugins for Editor in 0.00 ms.
Invoked RoslynAnalysisRunner static constructor.
RoslynAnalysisRunner will not be running.
RoslynAnalysisRunner has terminated.
Mono: successfully reloaded assembly
- Completed reload, in  0.775 seconds
Platform modules already initialized, skipping
Refreshing native plugins compatible for Editor in 0.33 ms, found 1 plugins.
Preloading 0 native plugins for Editor in 0.00 ms.
Unloading 1790 Unused Serialized files (Serialized files now loaded: 0)
System memory in use before: 84.1 MB.
System memory in use after: 84.3 MB.

Unloading 8 unused Assets to reduce memory usage. Loaded Objects now: 2249.
Total: 1.735300 ms (FindLiveObjects: 0.160000 ms CreateObjectMapping: 0.061100 ms MarkObjects: 1.498200 ms  DeleteObjects: 0.014600 ms)

========================================================================
Received Prepare
Registering precompiled user dll's ...
Registered in 0.000964 seconds.
Begin MonoManager ReloadAssembly
Native extension for WindowsStandalone target not found
Refreshing native plugins compatible for Editor in 0.34 ms, found 1 plugins.
Preloading 0 native plugins for Editor in 0.00 ms.
Invoked RoslynAnalysisRunner static constructor.
RoslynAnalysisRunner will not be running.
RoslynAnalysisRunner has terminated.
Mono: successfully reloaded assembly
- Completed reload, in  0.747 seconds
Platform modules already initialized, skipping
Refreshing native plugins compatible for Editor in 0.33 ms, found 1 plugins.
Preloading 0 native plugins for Editor in 0.00 ms.
Unloading 1789 Unused Serialized files (Serialized files now loaded: 0)
System memory in use before: 84.2 MB.
System memory in use after: 84.3 MB.

Unloading 8 unused Assets to reduce memory usage. Loaded Objects now: 2251.
Total: 1.788800 ms (FindLiveObjects: 0.168800 ms CreateObjectMapping: 0.072500 ms MarkObjects: 1.532500 ms  DeleteObjects: 0.014200 ms)

========================================================================
Received Import Request.
  Time since last request: 30.023788 seconds.
  path: Assets/Scenes
  artifactKey: Guid(245bc39d706b2b34caeaee0398f0bf90) Importer(815301076,1909f56bfc062723c751e8b465ee728b)
Start importing Assets/Scenes using Guid(245bc39d706b2b34caeaee0398f0bf90) Importer(815301076,1909f56bfc062723c751e8b465ee728b)  -> (artifact id: '42ba90869e745c5dd74df6b8cceae858') in 0.008255 seconds
  Import took 0.011449 seconds .

========================================================================
Received Import Request.
  Time since last request: 0.002650 seconds.
  path: Assets/Scenes
  artifactKey: Guid(245bc39d706b2b34caeaee0398f0bf90) Importer(815301076,1909f56bfc062723c751e8b465ee728b)
Start importing Assets/Scenes using Guid(245bc39d706b2b34caeaee0398f0bf90) Importer(815301076,1909f56bfc062723c751e8b465ee728b)  -> (artifact id: '42ba90869e745c5dd74df6b8cceae858') in 0.002743 seconds
  Import took 0.005390 seconds .

========================================================================
Received Import Request.
  Time since last request: 29.475047 seconds.
  path: Assets/Scenes/Lab3.unity
  artifactKey: Guid(283f74b512fdbc24b97c136655842f87) Importer(815301076,1909f56bfc062723c751e8b465ee728b)
Start importing Assets/Scenes/Lab3.unity using Guid(283f74b512fdbc24b97c136655842f87) Importer(815301076,1909f56bfc062723c751e8b465ee728b)  -> (artifact id: '736979067e71c6718e097cd37ee97095') in 0.013787 seconds
  Import took 0.017341 seconds .

========================================================================
Received Import Request.
  Time since last request: 1.660006 seconds.
  path: Assets/Scenes/Lab3_congrats.unity
  artifactKey: Guid(58fe32300ef54ab4586b073568f76d7a) Importer(815301076,1909f56bfc062723c751e8b465ee728b)
Start importing Assets/Scenes/Lab3_congrats.unity using Guid(58fe32300ef54ab4586b073568f76d7a) Importer(815301076,1909f56bfc062723c751e8b465ee728b)  -> (artifact id: '7bdc357a61557cccaf86a27e8e4c1902') in 0.006662 seconds
  Import took 0.010437 seconds .

========================================================================
Received Import Request.
  Time since last request: 22.965628 seconds.
  path: Assets/Scripts/Congrats.cs
  artifactKey: Guid(62802c9def355944ea64cd5eb4757a79) Importer(815301076,1909f56bfc062723c751e8b465ee728b)
Start importing Assets/Scripts/Congrats.cs using Guid(62802c9def355944ea64cd5eb4757a79) Importer(815301076,1909f56bfc062723c751e8b465ee728b)  -> (artifact id: 'ca5baa3eba95a341d548cf6f8d9f8f34') in 0.007342 seconds
  Import took 0.011435 seconds .

========================================================================
Received Prepare
Registering precompiled user dll's ...
Registered in 0.001228 seconds.
Begin MonoManager ReloadAssembly
Native extension for WindowsStandalone target not found
Refreshing native plugins compatible for Editor in 0.33 ms, found 1 plugins.
Preloading 0 native plugins for Editor in 0.00 ms.
Invoked RoslynAnalysisRunner static constructor.
RoslynAnalysisRunner will not be running.
RoslynAnalysisRunner has terminated.
Mono: successfully reloaded assembly
- Completed reload, in  0.751 seconds
Platform modules already initialized, skipping
Refreshing native plugins compatible for Editor in 0.33 ms, found 1 plugins.
Preloading 0 native plugins for Editor in 0.00 ms.
Unloading 1790 Unused Serialized files (Serialized files now loaded: 0)
System memory in use before: 84.2 MB.
System memory in use after: 84.3 MB.

Unloading 8 unused Assets to reduce memory usage. Loaded Objects now: 2254.
Total: 1.662900 ms (FindLiveObjects: 0.154800 ms CreateObjectMapping: 0.058900 ms MarkObjects: 1.432400 ms  DeleteObjects: 0.016000 ms)

========================================================================
Received Prepare
Registering precompiled user dll's ...
Registered in 0.000946 seconds.
Begin MonoManager ReloadAssembly
Native extension for WindowsStandalone target not found
Refreshing native plugins compatible for Editor in 0.33 ms, found 1 plugins.
Preloading 0 native plugins for Editor in 0.00 ms.
Invoked RoslynAnalysisRunner static constructor.
RoslynAnalysisRunner will not be running.
RoslynAnalysisRunner has terminated.
Mono: successfully reloaded assembly
- Completed reload, in  0.747 seconds
Platform modules already initialized, skipping
Refreshing native plugins compatible for Editor in 0.34 ms, found 1 plugins.
Preloading 0 native plugins for Editor in 0.00 ms.
Unloading 1790 Unused Serialized files (Serialized files now loaded: 0)
System memory in use before: 84.2 MB.
System memory in use after: 84.3 MB.

Unloading 8 unused Assets to reduce memory usage. Loaded Objects now: 2256.
Total: 1.764800 ms (FindLiveObjects: 0.176700 ms CreateObjectMapping: 0.068100 ms MarkObjects: 1.503600 ms  DeleteObjects: 0.015300 ms)

========================================================================
Received Prepare
Registering precompiled user dll's ...
Registered in 0.001009 seconds.
Begin MonoManager ReloadAssembly
Native extension for WindowsStandalone target not found
Refreshing native plugins compatible for Editor in 0.34 ms, found 1 plugins.
Preloading 0 native plugins for Editor in 0.00 ms.
Invoked RoslynAnalysisRunner static constructor.
RoslynAnalysisRunner will not be running.
RoslynAnalysisRunner has terminated.
Mono: successfully reloaded assembly
- Completed reload, in  0.747 seconds
Platform modules already initialized, skipping
Refreshing native plugins compatible for Editor in 0.32 ms, found 1 plugins.
Preloading 0 native plugins for Editor in 0.00 ms.
Unloading 1790 Unused Serialized files (Serialized files now loaded: 0)
System memory in use before: 84.2 MB.
System memory in use after: 84.3 MB.

Unloading 8 unused Assets to reduce memory usage. Loaded Objects now: 2258.
Total: 1.771500 ms (FindLiveObjects: 0.172900 ms CreateObjectMapping: 0.061700 ms MarkObjects: 1.514300 ms  DeleteObjects: 0.021600 ms)

========================================================================
Received Prepare
Registering precompiled user dll's ...
Registered in 0.000949 seconds.
Begin MonoManager ReloadAssembly
Native extension for WindowsStandalone target not found
Refreshing native plugins compatible for Editor in 0.34 ms, found 1 plugins.
Preloading 0 native plugins for Editor in 0.00 ms.
Invoked RoslynAnalysisRunner static constructor.
RoslynAnalysisRunner will not be running.
RoslynAnalysisRunner has terminated.
Mono: successfully reloaded assembly
- Completed reload, in  0.763 seconds
Platform modules already initialized, skipping
Refreshing native plugins compatible for Editor in 0.32 ms, found 1 plugins.
Preloading 0 native plugins for Editor in 0.00 ms.
Unloading 1790 Unused Serialized files (Serialized files now loaded: 0)
System memory in use before: 84.3 MB.
System memory in use after: 84.4 MB.

Unloading 8 unused Assets to reduce memory usage. Loaded Objects now: 2260.
Total: 1.755400 ms (FindLiveObjects: 0.177700 ms CreateObjectMapping: 0.071700 ms MarkObjects: 1.490700 ms  DeleteObjects: 0.014300 ms)

========================================================================
Received Prepare
Registering precompiled user dll's ...
Registered in 0.000919 seconds.
Begin MonoManager ReloadAssembly
Native extension for WindowsStandalone target not found
Refreshing native plugins compatible for Editor in 0.34 ms, found 1 plugins.
Preloading 0 native plugins for Editor in 0.00 ms.
Invoked RoslynAnalysisRunner static constructor.
RoslynAnalysisRunner will not be running.
RoslynAnalysisRunner has terminated.
Mono: successfully reloaded assembly
- Completed reload, in  0.752 seconds
Platform modules already initialized, skipping
Refreshing native plugins compatible for Editor in 0.33 ms, found 1 plugins.
Preloading 0 native plugins for Editor in 0.00 ms.
Unloading 1790 Unused Serialized files (Serialized files now loaded: 0)
System memory in use before: 84.3 MB.
System memory in use after: 84.4 MB.

Unloading 8 unused Assets to reduce memory usage. Loaded Objects now: 2262.
Total: 1.812100 ms (FindLiveObjects: 0.172500 ms CreateObjectMapping: 0.076200 ms MarkObjects: 1.546200 ms  DeleteObjects: 0.016100 ms)

========================================================================
Received Prepare
Registering precompiled user dll's ...
Registered in 0.000968 seconds.
Begin MonoManager ReloadAssembly
Native extension for WindowsStandalone target not found
Refreshing native plugins compatible for Editor in 0.34 ms, found 1 plugins.
Preloading 0 native plugins for Editor in 0.00 ms.
Invoked RoslynAnalysisRunner static constructor.
RoslynAnalysisRunner will not be running.
RoslynAnalysisRunner has terminated.
Mono: successfully reloaded assembly
- Completed reload, in  0.754 seconds
Platform modules already initialized, skipping
Refreshing native plugins compatible for Editor in 0.34 ms, found 1 plugins.
Preloading 0 native plugins for Editor in 0.00 ms.
Unloading 1790 Unused Serialized files (Serialized files now loaded: 0)
System memory in use before: 84.3 MB.
System memory in use after: 84.4 MB.

Unloading 8 unused Assets to reduce memory usage. Loaded Objects now: 2264.
Total: 1.847300 ms (FindLiveObjects: 0.178600 ms CreateObjectMapping: 0.067900 ms MarkObjects: 1.582300 ms  DeleteObjects: 0.017400 ms)

========================================================================
Received Prepare
Registering precompiled user dll's ...
Registered in 0.000929 seconds.
Begin MonoManager ReloadAssembly
Native extension for WindowsStandalone target not found
Refreshing native plugins compatible for Editor in 0.33 ms, found 1 plugins.
Preloading 0 native plugins for Editor in 0.00 ms.
Invoked RoslynAnalysisRunner static constructor.
RoslynAnalysisRunner will not be running.
RoslynAnalysisRunner has terminated.
Mono: successfully reloaded assembly
- Completed reload, in  0.754 seconds
Platform modules already initialized, skipping
Refreshing native plugins compatible for Editor in 0.33 ms, found 1 plugins.
Preloading 0 native plugins for Editor in 0.00 ms.
Unloading 1790 Unused Serialized files (Serialized files now loaded: 0)
System memory in use before: 84.3 MB.
System memory in use after: 84.4 MB.

Unloading 8 unused Assets to reduce memory usage. Loaded Objects now: 2266.
Total: 1.828900 ms (FindLiveObjects: 0.192400 ms CreateObjectMapping: 0.077500 ms MarkObjects: 1.543000 ms  DeleteObjects: 0.015100 ms)

========================================================================
Received Prepare
Registering precompiled user dll's ...
Registered in 0.000966 seconds.
Begin MonoManager ReloadAssembly
Native extension for WindowsStandalone target not found
Refreshing native plugins compatible for Editor in 0.33 ms, found 1 plugins.
Preloading 0 native plugins for Editor in 0.00 ms.
Invoked RoslynAnalysisRunner static constructor.
RoslynAnalysisRunner will not be running.
RoslynAnalysisRunner has terminated.
Mono: successfully reloaded assembly
- Completed reload, in  0.752 seconds
Platform modules already initialized, skipping
Refreshing native plugins compatible for Editor in 0.34 ms, found 1 plugins.
Preloading 0 native plugins for Editor in 0.00 ms.
Unloading 1790 Unused Serialized files (Serialized files now loaded: 0)
System memory in use before: 84.3 MB.
System memory in use after: 84.4 MB.

Unloading 8 unused Assets to reduce memory usage. Loaded Objects now: 2268.
Total: 1.867000 ms (FindLiveObjects: 0.219900 ms CreateObjectMapping: 0.106100 ms MarkObjects: 1.523900 ms  DeleteObjects: 0.016100 ms)

========================================================================
Received Prepare
Registering precompiled user dll's ...
Registered in 0.000939 seconds.
Begin MonoManager ReloadAssembly
Native extension for WindowsStandalone target not found
Refreshing native plugins compatible for Editor in 0.34 ms, found 1 plugins.
Preloading 0 native plugins for Editor in 0.00 ms.
Invoked RoslynAnalysisRunner static constructor.
RoslynAnalysisRunner will not be running.
RoslynAnalysisRunner has terminated.
Mono: successfully reloaded assembly
- Completed reload, in  0.732 seconds
Platform modules already initialized, skipping
Refreshing native plugins compatible for Editor in 0.33 ms, found 1 plugins.
Preloading 0 native plugins for Editor in 0.00 ms.
Unloading 1790 Unused Serialized files (Serialized files now loaded: 0)
System memory in use before: 84.3 MB.
System memory in use after: 84.4 MB.

Unloading 8 unused Assets to reduce memory usage. Loaded Objects now: 2270.
Total: 1.797600 ms (FindLiveObjects: 0.214800 ms CreateObjectMapping: 0.067700 ms MarkObjects: 1.496800 ms  DeleteObjects: 0.017200 ms)

========================================================================
Received Prepare
Registering precompiled user dll's ...
Registered in 0.000953 seconds.
Begin MonoManager ReloadAssembly
Native extension for WindowsStandalone target not found
Refreshing native plugins compatible for Editor in 0.33 ms, found 1 plugins.
Preloading 0 native plugins for Editor in 0.00 ms.
Invoked RoslynAnalysisRunner static constructor.
RoslynAnalysisRunner will not be running.
RoslynAnalysisRunner has terminated.
Mono: successfully reloaded assembly
- Completed reload, in  0.752 seconds
Platform modules already initialized, skipping
Refreshing native plugins compatible for Editor in 0.33 ms, found 1 plugins.
Preloading 0 native plugins for Editor in 0.00 ms.
Unloading 1790 Unused Serialized files (Serialized files now loaded: 0)
System memory in use before: 84.3 MB.
System memory in use after: 84.4 MB.

Unloading 8 unused Assets to reduce memory usage. Loaded Objects now: 2272.
Total: 1.809500 ms (FindLiveObjects: 0.223300 ms CreateObjectMapping: 0.088700 ms MarkObjects: 1.475100 ms  DeleteObjects: 0.021300 ms)

========================================================================
Received Prepare
Registering precompiled user dll's ...
Registered in 0.000894 seconds.
Begin MonoManager ReloadAssembly
Native extension for WindowsStandalone target not found
Refreshing native plugins compatible for Editor in 0.35 ms, found 1 plugins.
Preloading 0 native plugins for Editor in 0.00 ms.
Invoked RoslynAnalysisRunner static constructor.
RoslynAnalysisRunner will not be running.
RoslynAnalysisRunner has terminated.
Mono: successfully reloaded assembly
- Completed reload, in  0.774 seconds
Platform modules already initialized, skipping
Refreshing native plugins compatible for Editor in 0.32 ms, found 1 plugins.
Preloading 0 native plugins for Editor in 0.00 ms.
Unloading 1790 Unused Serialized files (Serialized files now loaded: 0)
System memory in use before: 84.3 MB.
System memory in use after: 84.4 MB.

Unloading 8 unused Assets to reduce memory usage. Loaded Objects now: 2274.
Total: 1.818500 ms (FindLiveObjects: 0.204800 ms CreateObjectMapping: 0.076200 ms MarkObjects: 1.521700 ms  DeleteObjects: 0.014900 ms)

========================================================================
Received Import Request.
  Time since last request: 1458.647478 seconds.
  path: Assets/Scripts/ManageCartas.cs
  artifactKey: Guid(d749275518d397349823a997cb22e2c7) Importer(815301076,1909f56bfc062723c751e8b465ee728b)
Start importing Assets/Scripts/ManageCartas.cs using Guid(d749275518d397349823a997cb22e2c7) Importer(815301076,1909f56bfc062723c751e8b465ee728b)  -> (artifact id: '7571aa05f9f07a8fe810c359af2c4686') in 0.005307 seconds
  Import took 0.008644 seconds .

========================================================================
Received Import Request.
  Time since last request: 0.023323 seconds.
  path: Assets/Scripts/ManageCartas.cs
  artifactKey: Guid(d749275518d397349823a997cb22e2c7) Importer(815301076,1909f56bfc062723c751e8b465ee728b)
Start importing Assets/Scripts/ManageCartas.cs using Guid(d749275518d397349823a997cb22e2c7) Importer(815301076,1909f56bfc062723c751e8b465ee728b)  -> (artifact id: '7571aa05f9f07a8fe810c359af2c4686') in 0.002781 seconds
  Import took 0.005472 seconds .

========================================================================
Received Import Request.
  Time since last request: 28.059334 seconds.
  path: Assets/Scenes/Lab3_congrats.unity
  artifactKey: Guid(58fe32300ef54ab4586b073568f76d7a) Importer(815301076,1909f56bfc062723c751e8b465ee728b)
Start importing Assets/Scenes/Lab3_congrats.unity using Guid(58fe32300ef54ab4586b073568f76d7a) Importer(815301076,1909f56bfc062723c751e8b465ee728b)  -> (artifact id: 'bda44c286fe89254849571b306b96c65') in 0.009251 seconds
  Import took 0.012113 seconds .

========================================================================
Received Import Request.
  Time since last request: 267.218978 seconds.
  path: Assets/Scenes/Lab3_congrats.unity
  artifactKey: Guid(58fe32300ef54ab4586b073568f76d7a) Importer(815301076,1909f56bfc062723c751e8b465ee728b)
Start importing Assets/Scenes/Lab3_congrats.unity using Guid(58fe32300ef54ab4586b073568f76d7a) Importer(815301076,1909f56bfc062723c751e8b465ee728b)  -> (artifact id: '5fb358df5e6c5bc9cb63d90e2c2e250c') in 0.002984 seconds
  Import took 0.005954 seconds .

========================================================================
Received Prepare
Registering precompiled user dll's ...
Registered in 0.000936 seconds.
Begin MonoManager ReloadAssembly
Native extension for WindowsStandalone target not found
Refreshing native plugins compatible for Editor in 0.33 ms, found 1 plugins.
Preloading 0 native plugins for Editor in 0.00 ms.
Invoked RoslynAnalysisRunner static constructor.
RoslynAnalysisRunner will not be running.
RoslynAnalysisRunner has terminated.
Mono: successfully reloaded assembly
- Completed reload, in  0.740 seconds
Platform modules already initialized, skipping
Refreshing native plugins compatible for Editor in 0.33 ms, found 1 plugins.
Preloading 0 native plugins for Editor in 0.00 ms.
Unloading 1790 Unused Serialized files (Serialized files now loaded: 0)
System memory in use before: 84.3 MB.
System memory in use after: 84.4 MB.

Unloading 8 unused Assets to reduce memory usage. Loaded Objects now: 2276.
Total: 1.969600 ms (FindLiveObjects: 0.237800 ms CreateObjectMapping: 0.078600 ms MarkObjects: 1.637100 ms  DeleteObjects: 0.015300 ms)

========================================================================
Received Prepare
Registering precompiled user dll's ...
Registered in 0.000961 seconds.
Begin MonoManager ReloadAssembly
Native extension for WindowsStandalone target not found
Refreshing native plugins compatible for Editor in 0.34 ms, found 1 plugins.
Preloading 0 native plugins for Editor in 0.00 ms.
Invoked RoslynAnalysisRunner static constructor.
RoslynAnalysisRunner will not be running.
RoslynAnalysisRunner has terminated.
Mono: successfully reloaded assembly
- Completed reload, in  0.752 seconds
Platform modules already initialized, skipping
Refreshing native plugins compatible for Editor in 0.41 ms, found 1 plugins.
Preloading 0 native plugins for Editor in 0.00 ms.
Unloading 1790 Unused Serialized files (Serialized files now loaded: 0)
System memory in use before: 84.3 MB.
System memory in use after: 84.4 MB.

Unloading 8 unused Assets to reduce memory usage. Loaded Objects now: 2278.
Total: 1.790400 ms (FindLiveObjects: 0.185900 ms CreateObjectMapping: 0.066500 ms MarkObjects: 1.521400 ms  DeleteObjects: 0.015700 ms)

========================================================================
Received Prepare
Registering precompiled user dll's ...
Registered in 0.001032 seconds.
Begin MonoManager ReloadAssembly
Native extension for WindowsStandalone target not found
Refreshing native plugins compatible for Editor in 0.33 ms, found 1 plugins.
Preloading 0 native plugins for Editor in 0.00 ms.
Invoked RoslynAnalysisRunner static constructor.
RoslynAnalysisRunner will not be running.
RoslynAnalysisRunner has terminated.
Mono: successfully reloaded assembly
- Completed reload, in  0.776 seconds
Platform modules already initialized, skipping
Refreshing native plugins compatible for Editor in 0.33 ms, found 1 plugins.
Preloading 0 native plugins for Editor in 0.00 ms.
Unloading 1790 Unused Serialized files (Serialized files now loaded: 0)
System memory in use before: 84.3 MB.
System memory in use after: 84.4 MB.

Unloading 8 unused Assets to reduce memory usage. Loaded Objects now: 2280.
Total: 1.797500 ms (FindLiveObjects: 0.168500 ms CreateObjectMapping: 0.058900 ms MarkObjects: 1.553600 ms  DeleteObjects: 0.015500 ms)

========================================================================
Received Import Request.
  Time since last request: 165.764863 seconds.
  path: Assets/Sounds/52ac54_super_mario_bros_stage_clear_sound_effect.mp3
  artifactKey: Guid(576dec14f2b5bbe43bcd8427d7e7ccc9) Importer(815301076,1909f56bfc062723c751e8b465ee728b)
Start importing Assets/Sounds/52ac54_super_mario_bros_stage_clear_sound_effect.mp3 using Guid(576dec14f2b5bbe43bcd8427d7e7ccc9) Importer(815301076,1909f56bfc062723c751e8b465ee728b)  -> (artifact id: 'c68764bf6b3ff33ea748a3b984116296') in 0.113750 seconds
  Import took 0.117443 seconds .

========================================================================
Received Import Request.
  Time since last request: 9.034424 seconds.
  path: Assets/Sounds/mario.mp3
  artifactKey: Guid(576dec14f2b5bbe43bcd8427d7e7ccc9) Importer(815301076,1909f56bfc062723c751e8b465ee728b)
Start importing Assets/Sounds/mario.mp3 using Guid(576dec14f2b5bbe43bcd8427d7e7ccc9) Importer(815301076,1909f56bfc062723c751e8b465ee728b)  -> (artifact id: 'eeb5359a27f4d92197fe448ff53b3482') in 0.023743 seconds
  Import took 0.026544 seconds .

========================================================================
Received Prepare
Registering precompiled user dll's ...
Registered in 0.001320 seconds.
Begin MonoManager ReloadAssembly
Native extension for WindowsStandalone target not found
Refreshing native plugins compatible for Editor in 0.35 ms, found 1 plugins.
Preloading 0 native plugins for Editor in 0.00 ms.
Invoked RoslynAnalysisRunner static constructor.
RoslynAnalysisRunner will not be running.
RoslynAnalysisRunner has terminated.
Mono: successfully reloaded assembly
- Completed reload, in  0.787 seconds
Platform modules already initialized, skipping
Refreshing native plugins compatible for Editor in 0.34 ms, found 1 plugins.
Preloading 0 native plugins for Editor in 0.00 ms.
Unloading 1790 Unused Serialized files (Serialized files now loaded: 0)
System memory in use before: 87.5 MB.
System memory in use after: 87.6 MB.

Unloading 8 unused Assets to reduce memory usage. Loaded Objects now: 2291.
Total: 1.978000 ms (FindLiveObjects: 0.187100 ms CreateObjectMapping: 0.071800 ms MarkObjects: 1.700100 ms  DeleteObjects: 0.017900 ms)

========================================================================
Received Prepare
Registering precompiled user dll's ...
Registered in 0.000971 seconds.
Begin MonoManager ReloadAssembly
Native extension for WindowsStandalone target not found
Refreshing native plugins compatible for Editor in 0.33 ms, found 1 plugins.
Preloading 0 native plugins for Editor in 0.00 ms.
Invoked RoslynAnalysisRunner static constructor.
RoslynAnalysisRunner will not be running.
RoslynAnalysisRunner has terminated.
Mono: successfully reloaded assembly
- Completed reload, in  0.858 seconds
Platform modules already initialized, skipping
Refreshing native plugins compatible for Editor in 0.33 ms, found 1 plugins.
Preloading 0 native plugins for Editor in 0.00 ms.
Unloading 1790 Unused Serialized files (Serialized files now loaded: 0)
System memory in use before: 87.5 MB.
System memory in use after: 87.6 MB.

Unloading 8 unused Assets to reduce memory usage. Loaded Objects now: 2293.
Total: 1.734500 ms (FindLiveObjects: 0.167800 ms CreateObjectMapping: 0.063600 ms MarkObjects: 1.488200 ms  DeleteObjects: 0.014100 ms)

========================================================================
Received Import Request.
  Time since last request: 142.946569 seconds.
  path: Assets/Scenes/Lab3_congrats.unity
  artifactKey: Guid(58fe32300ef54ab4586b073568f76d7a) Importer(815301076,1909f56bfc062723c751e8b465ee728b)
Start importing Assets/Scenes/Lab3_congrats.unity using Guid(58fe32300ef54ab4586b073568f76d7a) Importer(815301076,1909f56bfc062723c751e8b465ee728b)  -> (artifact id: 'ad44afb1ac619c67c35d0e64be028d65') in 0.011146 seconds
  Import took 0.014097 seconds .

========================================================================
Received Import Request.
  Time since last request: 51.157378 seconds.
  path: Assets/Scenes/Lab3_congrats.unity
  artifactKey: Guid(58fe32300ef54ab4586b073568f76d7a) Importer(815301076,1909f56bfc062723c751e8b465ee728b)
Start importing Assets/Scenes/Lab3_congrats.unity using Guid(58fe32300ef54ab4586b073568f76d7a) Importer(815301076,1909f56bfc062723c751e8b465ee728b)  -> (artifact id: '1d59f016f5b9060db44781561c862128') in 0.003214 seconds
  Import took 0.008744 seconds .

========================================================================
Received Prepare
Registering precompiled user dll's ...
Registered in 0.000933 seconds.
Begin MonoManager ReloadAssembly
Native extension for WindowsStandalone target not found
Refreshing native plugins compatible for Editor in 0.33 ms, found 1 plugins.
Preloading 0 native plugins for Editor in 0.00 ms.
Invoked RoslynAnalysisRunner static constructor.
RoslynAnalysisRunner will not be running.
RoslynAnalysisRunner has terminated.
Mono: successfully reloaded assembly
- Completed reload, in  0.760 seconds
Platform modules already initialized, skipping
Refreshing native plugins compatible for Editor in 0.33 ms, found 1 plugins.
Preloading 0 native plugins for Editor in 0.00 ms.
Unloading 1790 Unused Serialized files (Serialized files now loaded: 0)
System memory in use before: 87.5 MB.
System memory in use after: 87.6 MB.

Unloading 8 unused Assets to reduce memory usage. Loaded Objects now: 2295.
Total: 1.788900 ms (FindLiveObjects: 0.160900 ms CreateObjectMapping: 0.055000 ms MarkObjects: 1.557600 ms  DeleteObjects: 0.014700 ms)

========================================================================
Received Import Request.
  Time since last request: 348.031007 seconds.
  path: Assets/Scenes/Lab3_congrats.unity
  artifactKey: Guid(58fe32300ef54ab4586b073568f76d7a) Importer(815301076,1909f56bfc062723c751e8b465ee728b)
Start importing Assets/Scenes/Lab3_congrats.unity using Guid(58fe32300ef54ab4586b073568f76d7a) Importer(815301076,1909f56bfc062723c751e8b465ee728b)  -> (artifact id: '2c269c58bb66947250dbe65fec95d5ec') in 0.009730 seconds
  Import took 0.013414 seconds .

========================================================================
Received Import Request.
  Time since last request: 292.308025 seconds.
  path: Assets/Scenes/Lab3_restart.unity
  artifactKey: Guid(f64f5174d36130843bb47205ba22ab79) Importer(815301076,1909f56bfc062723c751e8b465ee728b)
Start importing Assets/Scenes/Lab3_restart.unity using Guid(f64f5174d36130843bb47205ba22ab79) Importer(815301076,1909f56bfc062723c751e8b465ee728b)  -> (artifact id: 'daff3bdb73d0a428ee3eddca1216c5fa') in 0.007296 seconds
  Import took 0.011346 seconds .

========================================================================
Received Import Request.
  Time since last request: 25.524668 seconds.
  path: Assets/Scripts/ManageRestart.cs
  artifactKey: Guid(480bed24806a9bc40817c94f6635ba83) Importer(815301076,1909f56bfc062723c751e8b465ee728b)
Start importing Assets/Scripts/ManageRestart.cs using Guid(480bed24806a9bc40817c94f6635ba83) Importer(815301076,1909f56bfc062723c751e8b465ee728b)  -> (artifact id: '24ec9092d717c4f1987ee46177b9cd2e') in 0.007598 seconds
  Import took 0.011132 seconds .

========================================================================
Received Prepare
Registering precompiled user dll's ...
Registered in 0.001000 seconds.
Begin MonoManager ReloadAssembly
Native extension for WindowsStandalone target not found
Refreshing native plugins compatible for Editor in 0.33 ms, found 1 plugins.
Preloading 0 native plugins for Editor in 0.00 ms.
Invoked RoslynAnalysisRunner static constructor.
RoslynAnalysisRunner will not be running.
RoslynAnalysisRunner has terminated.
Mono: successfully reloaded assembly
- Completed reload, in  0.751 seconds
Platform modules already initialized, skipping
Refreshing native plugins compatible for Editor in 0.33 ms, found 1 plugins.
Preloading 0 native plugins for Editor in 0.00 ms.
Unloading 1791 Unused Serialized files (Serialized files now loaded: 0)
System memory in use before: 87.5 MB.
System memory in use after: 87.7 MB.

Unloading 8 unused Assets to reduce memory usage. Loaded Objects now: 2298.
Total: 2.134700 ms (FindLiveObjects: 0.266400 ms CreateObjectMapping: 0.149800 ms MarkObjects: 1.700500 ms  DeleteObjects: 0.017100 ms)

========================================================================
Received Prepare
Registering precompiled user dll's ...
Registered in 0.001052 seconds.
Begin MonoManager ReloadAssembly
Native extension for WindowsStandalone target not found
Refreshing native plugins compatible for Editor in 0.34 ms, found 1 plugins.
Preloading 0 native plugins for Editor in 0.00 ms.
Invoked RoslynAnalysisRunner static constructor.
RoslynAnalysisRunner will not be running.
RoslynAnalysisRunner has terminated.
Mono: successfully reloaded assembly
- Completed reload, in  0.783 seconds
Platform modules already initialized, skipping
Refreshing native plugins compatible for Editor in 0.33 ms, found 1 plugins.
Preloading 0 native plugins for Editor in 0.00 ms.
Unloading 1791 Unused Serialized files (Serialized files now loaded: 0)
System memory in use before: 87.6 MB.
System memory in use after: 87.7 MB.

Unloading 8 unused Assets to reduce memory usage. Loaded Objects now: 2300.
Total: 1.762700 ms (FindLiveObjects: 0.198400 ms CreateObjectMapping: 0.073300 ms MarkObjects: 1.475500 ms  DeleteObjects: 0.014600 ms)

========================================================================
Received Import Request.
  Time since last request: 54.781807 seconds.
  path: Assets/Scenes/Lab3_restart.unity
  artifactKey: Guid(f64f5174d36130843bb47205ba22ab79) Importer(815301076,1909f56bfc062723c751e8b465ee728b)
Start importing Assets/Scenes/Lab3_restart.unity using Guid(f64f5174d36130843bb47205ba22ab79) Importer(815301076,1909f56bfc062723c751e8b465ee728b)  -> (artifact id: '34a3f24e2afd1382749599531d4988c5') in 0.010388 seconds
  Import took 0.014735 seconds .

========================================================================
Received Import Request.
  Time since last request: 226.968062 seconds.
  path: Assets/Scripts/Tile.cs
  artifactKey: Guid(8983817064a8cb247b6b4e36484e4c16) Importer(815301076,1909f56bfc062723c751e8b465ee728b)
Start importing Assets/Scripts/Tile.cs using Guid(8983817064a8cb247b6b4e36484e4c16) Importer(815301076,1909f56bfc062723c751e8b465ee728b)  -> (artifact id: '42d1bd3840c01916556ca1e896083233') in 0.007915 seconds
  Import took 0.011085 seconds .

========================================================================
Received Import Request.
  Time since last request: 0.001365 seconds.
  path: Assets/Scripts/Tile.cs
  artifactKey: Guid(8983817064a8cb247b6b4e36484e4c16) Importer(815301076,1909f56bfc062723c751e8b465ee728b)
Start importing Assets/Scripts/Tile.cs using Guid(8983817064a8cb247b6b4e36484e4c16) Importer(815301076,1909f56bfc062723c751e8b465ee728b)  -> (artifact id: '42d1bd3840c01916556ca1e896083233') in 0.002586 seconds
  Import took 0.005441 seconds .

========================================================================
Received Prepare
Registering precompiled user dll's ...
Registered in 0.000971 seconds.
Begin MonoManager ReloadAssembly
Native extension for WindowsStandalone target not found
Refreshing native plugins compatible for Editor in 0.34 ms, found 1 plugins.
Preloading 0 native plugins for Editor in 0.00 ms.
Invoked RoslynAnalysisRunner static constructor.
RoslynAnalysisRunner will not be running.
RoslynAnalysisRunner has terminated.
Mono: successfully reloaded assembly
- Completed reload, in  0.744 seconds
Platform modules already initialized, skipping
Refreshing native plugins compatible for Editor in 0.33 ms, found 1 plugins.
Preloading 0 native plugins for Editor in 0.00 ms.
Unloading 1791 Unused Serialized files (Serialized files now loaded: 0)
System memory in use before: 87.6 MB.
System memory in use after: 87.7 MB.

Unloading 8 unused Assets to reduce memory usage. Loaded Objects now: 2302.
Total: 1.757500 ms (FindLiveObjects: 0.170700 ms CreateObjectMapping: 0.058900 ms MarkObjects: 1.512800 ms  DeleteObjects: 0.014400 ms)

========================================================================
Received Import Request.
  Time since last request: 194.470960 seconds.
  path: Assets/Scripts/ManageCartas.cs
  artifactKey: Guid(d749275518d397349823a997cb22e2c7) Importer(815301076,1909f56bfc062723c751e8b465ee728b)
Start importing Assets/Scripts/ManageCartas.cs using Guid(d749275518d397349823a997cb22e2c7) Importer(815301076,1909f56bfc062723c751e8b465ee728b)  -> (artifact id: 'c2326d80d83f8d02a659ca86b2b70504') in 0.008156 seconds
  Import took 0.011000 seconds .

========================================================================
Received Import Request.
  Time since last request: 1.945291 seconds.
  path: Assets/Scripts/Congrats.cs
  artifactKey: Guid(62802c9def355944ea64cd5eb4757a79) Importer(815301076,1909f56bfc062723c751e8b465ee728b)
Start importing Assets/Scripts/Congrats.cs using Guid(62802c9def355944ea64cd5eb4757a79) Importer(815301076,1909f56bfc062723c751e8b465ee728b)  -> (artifact id: '1e51bf9935eb6673efe7062dbbab98d4') in 0.003411 seconds
  Import took 0.007354 seconds .

========================================================================
Received Import Request.
  Time since last request: 0.821374 seconds.
  path: Assets/Scripts/ManageRestart.cs
  artifactKey: Guid(480bed24806a9bc40817c94f6635ba83) Importer(815301076,1909f56bfc062723c751e8b465ee728b)
Start importing Assets/Scripts/ManageRestart.cs using Guid(480bed24806a9bc40817c94f6635ba83) Importer(815301076,1909f56bfc062723c751e8b465ee728b)  -> (artifact id: 'f1db6517969bb1b764b6dccd6297a157') in 0.004002 seconds
  Import took 0.007449 seconds .

========================================================================
Received Import Request.
  Time since last request: 48.626755 seconds.
  path: Assets/Scenes/Lab3_restart.unity
  artifactKey: Guid(f64f5174d36130843bb47205ba22ab79) Importer(815301076,1909f56bfc062723c751e8b465ee728b)
Start importing Assets/Scenes/Lab3_restart.unity using Guid(f64f5174d36130843bb47205ba22ab79) Importer(815301076,1909f56bfc062723c751e8b465ee728b)  -> (artifact id: '5952c1ff8a635a827e3744dfcaf51971') in 0.009875 seconds
  Import took 0.013097 seconds .

========================================================================
Received Prepare
Registering precompiled user dll's ...
Registered in 0.000945 seconds.
Begin MonoManager ReloadAssembly
Native extension for WindowsStandalone target not found
Refreshing native plugins compatible for Editor in 0.36 ms, found 1 plugins.
Preloading 0 native plugins for Editor in 0.00 ms.
Invoked RoslynAnalysisRunner static constructor.
RoslynAnalysisRunner will not be running.
RoslynAnalysisRunner has terminated.
Mono: successfully reloaded assembly
- Completed reload, in  0.755 seconds
Platform modules already initialized, skipping
Refreshing native plugins compatible for Editor in 0.38 ms, found 1 plugins.
Preloading 0 native plugins for Editor in 0.00 ms.
Unloading 1791 Unused Serialized files (Serialized files now loaded: 0)
System memory in use before: 87.6 MB.
System memory in use after: 87.7 MB.

Unloading 8 unused Assets to reduce memory usage. Loaded Objects now: 2304.
Total: 1.773200 ms (FindLiveObjects: 0.165800 ms CreateObjectMapping: 0.061000 ms MarkObjects: 1.531300 ms  DeleteObjects: 0.014100 ms)

========================================================================
Received Prepare
Registering precompiled user dll's ...
Registered in 0.000945 seconds.
Begin MonoManager ReloadAssembly
Native extension for WindowsStandalone target not found
Refreshing native plugins compatible for Editor in 0.33 ms, found 1 plugins.
Preloading 0 native plugins for Editor in 0.00 ms.
Invoked RoslynAnalysisRunner static constructor.
RoslynAnalysisRunner will not be running.
RoslynAnalysisRunner has terminated.
Mono: successfully reloaded assembly
- Completed reload, in  0.751 seconds
Platform modules already initialized, skipping
Refreshing native plugins compatible for Editor in 0.33 ms, found 1 plugins.
Preloading 0 native plugins for Editor in 0.00 ms.
Unloading 1791 Unused Serialized files (Serialized files now loaded: 0)
System memory in use before: 87.6 MB.
System memory in use after: 87.7 MB.

Unloading 8 unused Assets to reduce memory usage. Loaded Objects now: 2306.
Total: 1.837600 ms (FindLiveObjects: 0.181400 ms CreateObjectMapping: 0.069500 ms MarkObjects: 1.570300 ms  DeleteObjects: 0.015500 ms)

========================================================================
Received Import Request.
  Time since last request: 247.442639 seconds.
  path: Assets/Scripts/ManageBotoes.cs
  artifactKey: Guid(d749275518d397349823a997cb22e2c7) Importer(815301076,1909f56bfc062723c751e8b465ee728b)
Start importing Assets/Scripts/ManageBotoes.cs using Guid(d749275518d397349823a997cb22e2c7) Importer(815301076,1909f56bfc062723c751e8b465ee728b)  -> (artifact id: '855c220f10c29824e0d987bdf717ec02') in 0.008033 seconds
  Import took 0.011763 seconds .

========================================================================
Received Prepare
Registering precompiled user dll's ...
Registered in 0.000941 seconds.
Begin MonoManager ReloadAssembly
Native extension for WindowsStandalone target not found
Refreshing native plugins compatible for Editor in 0.34 ms, found 1 plugins.
Preloading 0 native plugins for Editor in 0.00 ms.
Invoked RoslynAnalysisRunner static constructor.
RoslynAnalysisRunner will not be running.
RoslynAnalysisRunner has terminated.
Mono: successfully reloaded assembly
- Completed reload, in  0.749 seconds
Platform modules already initialized, skipping
Refreshing native plugins compatible for Editor in 0.33 ms, found 1 plugins.
Preloading 0 native plugins for Editor in 0.00 ms.
Unloading 1791 Unused Serialized files (Serialized files now loaded: 0)
System memory in use before: 87.6 MB.
System memory in use after: 87.7 MB.

Unloading 8 unused Assets to reduce memory usage. Loaded Objects now: 2308.
Total: 1.776500 ms (FindLiveObjects: 0.169800 ms CreateObjectMapping: 0.061100 ms MarkObjects: 1.530500 ms  DeleteObjects: 0.014300 ms)

========================================================================
Received Prepare
Registering precompiled user dll's ...
Registered in 0.001010 seconds.
Begin MonoManager ReloadAssembly
Native extension for WindowsStandalone target not found
Refreshing native plugins compatible for Editor in 0.34 ms, found 1 plugins.
Preloading 0 native plugins for Editor in 0.00 ms.
Invoked RoslynAnalysisRunner static constructor.
RoslynAnalysisRunner will not be running.
RoslynAnalysisRunner has terminated.
Mono: successfully reloaded assembly
- Completed reload, in  0.768 seconds
Platform modules already initialized, skipping
Refreshing native plugins compatible for Editor in 0.34 ms, found 1 plugins.
Preloading 0 native plugins for Editor in 0.00 ms.
Unloading 1791 Unused Serialized files (Serialized files now loaded: 0)
System memory in use before: 87.6 MB.
System memory in use after: 87.7 MB.

Unloading 8 unused Assets to reduce memory usage. Loaded Objects now: 2310.
Total: 1.846000 ms (FindLiveObjects: 0.267400 ms CreateObjectMapping: 0.118400 ms MarkObjects: 1.442300 ms  DeleteObjects: 0.016700 ms)

========================================================================
Received Import Request.
  Time since last request: 43.393447 seconds.
  path: Assets/Scripts/ManageBotoes.cs
  artifactKey: Guid(480bed24806a9bc40817c94f6635ba83) Importer(815301076,1909f56bfc062723c751e8b465ee728b)
Start importing Assets/Scripts/ManageBotoes.cs using Guid(480bed24806a9bc40817c94f6635ba83) Importer(815301076,1909f56bfc062723c751e8b465ee728b)  -> (artifact id: '9745a1d6fecd61b3119c2156f5403cb2') in 0.005885 seconds
  Import took 0.008987 seconds .

========================================================================
Received Prepare
Registering precompiled user dll's ...
Registered in 0.000950 seconds.
Begin MonoManager ReloadAssembly
Native extension for WindowsStandalone target not found
Refreshing native plugins compatible for Editor in 0.34 ms, found 1 plugins.
Preloading 0 native plugins for Editor in 0.00 ms.
Invoked RoslynAnalysisRunner static constructor.
RoslynAnalysisRunner will not be running.
RoslynAnalysisRunner has terminated.
Mono: successfully reloaded assembly
- Completed reload, in  0.748 seconds
Platform modules already initialized, skipping
Refreshing native plugins compatible for Editor in 0.33 ms, found 1 plugins.
Preloading 0 native plugins for Editor in 0.00 ms.
Unloading 1791 Unused Serialized files (Serialized files now loaded: 0)
System memory in use before: 87.6 MB.
System memory in use after: 87.7 MB.

Unloading 8 unused Assets to reduce memory usage. Loaded Objects now: 2312.
Total: 1.889700 ms (FindLiveObjects: 0.216400 ms CreateObjectMapping: 0.086300 ms MarkObjects: 1.569700 ms  DeleteObjects: 0.016500 ms)

========================================================================
Received Prepare
Registering precompiled user dll's ...
Registered in 0.000965 seconds.
Begin MonoManager ReloadAssembly
Native extension for WindowsStandalone target not found
Refreshing native plugins compatible for Editor in 0.34 ms, found 1 plugins.
Preloading 0 native plugins for Editor in 0.00 ms.
Invoked RoslynAnalysisRunner static constructor.
RoslynAnalysisRunner will not be running.
RoslynAnalysisRunner has terminated.
Mono: successfully reloaded assembly
- Completed reload, in  0.757 seconds
Platform modules already initialized, skipping
Refreshing native plugins compatible for Editor in 0.34 ms, found 1 plugins.
Preloading 0 native plugins for Editor in 0.00 ms.
Unloading 1791 Unused Serialized files (Serialized files now loaded: 0)
System memory in use before: 87.6 MB.
System memory in use after: 87.7 MB.

Unloading 8 unused Assets to reduce memory usage. Loaded Objects now: 2314.
Total: 1.772600 ms (FindLiveObjects: 0.176800 ms CreateObjectMapping: 0.060900 ms MarkObjects: 1.516900 ms  DeleteObjects: 0.017300 ms)

========================================================================
Received Import Request.
  Time since last request: 131.812293 seconds.
  path: Assets/Scripts/ManageBotoes.cs
  artifactKey: Guid(480bed24806a9bc40817c94f6635ba83) Importer(815301076,1909f56bfc062723c751e8b465ee728b)
Start importing Assets/Scripts/ManageBotoes.cs using Guid(480bed24806a9bc40817c94f6635ba83) Importer(815301076,1909f56bfc062723c751e8b465ee728b)  -> (artifact id: '20f4342e62279ed894ad9c08c460f2c2') in 0.004797 seconds
  Import took 0.007945 seconds .

========================================================================
Received Prepare
Registering precompiled user dll's ...
Registered in 0.001015 seconds.
Begin MonoManager ReloadAssembly
Native extension for WindowsStandalone target not found
Refreshing native plugins compatible for Editor in 0.34 ms, found 1 plugins.
Preloading 0 native plugins for Editor in 0.00 ms.
Invoked RoslynAnalysisRunner static constructor.
RoslynAnalysisRunner will not be running.
RoslynAnalysisRunner has terminated.
Mono: successfully reloaded assembly
- Completed reload, in  0.743 seconds
Platform modules already initialized, skipping
Refreshing native plugins compatible for Editor in 0.33 ms, found 1 plugins.
Preloading 0 native plugins for Editor in 0.00 ms.
Unloading 1790 Unused Serialized files (Serialized files now loaded: 0)
System memory in use before: 87.6 MB.
System memory in use after: 87.7 MB.

Unloading 8 unused Assets to reduce memory usage. Loaded Objects now: 2316.
Total: 2.061000 ms (FindLiveObjects: 0.200600 ms CreateObjectMapping: 0.139300 ms MarkObjects: 1.705200 ms  DeleteObjects: 0.015000 ms)

========================================================================
Received Import Request.
  Time since last request: 73.953986 seconds.
  path: Assets/Scripts/ManageBotoes.cs
  artifactKey: Guid(480bed24806a9bc40817c94f6635ba83) Importer(815301076,1909f56bfc062723c751e8b465ee728b)
Start importing Assets/Scripts/ManageBotoes.cs using Guid(480bed24806a9bc40817c94f6635ba83) Importer(815301076,1909f56bfc062723c751e8b465ee728b)  -> (artifact id: '80ca4a424ab0b723674c1eaa692b6293') in 0.008617 seconds
  Import took 0.011478 seconds .

========================================================================
Received Prepare
Registering precompiled user dll's ...
Registered in 0.000925 seconds.
Begin MonoManager ReloadAssembly
Native extension for WindowsStandalone target not found
Refreshing native plugins compatible for Editor in 0.34 ms, found 1 plugins.
Preloading 0 native plugins for Editor in 0.00 ms.
Invoked RoslynAnalysisRunner static constructor.
RoslynAnalysisRunner will not be running.
RoslynAnalysisRunner has terminated.
Mono: successfully reloaded assembly
- Completed reload, in  0.760 seconds
Platform modules already initialized, skipping
Refreshing native plugins compatible for Editor in 0.34 ms, found 1 plugins.
Preloading 0 native plugins for Editor in 0.00 ms.
Unloading 1791 Unused Serialized files (Serialized files now loaded: 0)
System memory in use before: 87.6 MB.
System memory in use after: 87.7 MB.

Unloading 8 unused Assets to reduce memory usage. Loaded Objects now: 2318.
Total: 1.868100 ms (FindLiveObjects: 0.188300 ms CreateObjectMapping: 0.073000 ms MarkObjects: 1.589200 ms  DeleteObjects: 0.016300 ms)

========================================================================
Received Import Request.
  Time since last request: 68.491320 seconds.
  path: Assets/Scripts/ManageBotoes.cs
  artifactKey: Guid(480bed24806a9bc40817c94f6635ba83) Importer(815301076,1909f56bfc062723c751e8b465ee728b)
Start importing Assets/Scripts/ManageBotoes.cs using Guid(480bed24806a9bc40817c94f6635ba83) Importer(815301076,1909f56bfc062723c751e8b465ee728b)  -> (artifact id: 'ebd39542e5a8f33e313246fad1c97560') in 0.009504 seconds
  Import took 0.013418 seconds .

========================================================================
Received Import Request.
  Time since last request: 25.074863 seconds.
  path: Assets/Scripts/ManageBotoes.cs
  artifactKey: Guid(480bed24806a9bc40817c94f6635ba83) Importer(815301076,1909f56bfc062723c751e8b465ee728b)
Start importing Assets/Scripts/ManageBotoes.cs using Guid(480bed24806a9bc40817c94f6635ba83) Importer(815301076,1909f56bfc062723c751e8b465ee728b)  -> (artifact id: '774e5076f77956ef2c2775b469fb2e91') in 0.003473 seconds
  Import took 0.006871 seconds .

========================================================================
Received Prepare
Registering precompiled user dll's ...
Registered in 0.000949 seconds.
Begin MonoManager ReloadAssembly
Native extension for WindowsStandalone target not found
Refreshing native plugins compatible for Editor in 0.34 ms, found 1 plugins.
Preloading 0 native plugins for Editor in 0.00 ms.
Invoked RoslynAnalysisRunner static constructor.
RoslynAnalysisRunner will not be running.
RoslynAnalysisRunner has terminated.
Mono: successfully reloaded assembly
- Completed reload, in  0.783 seconds
Platform modules already initialized, skipping
Refreshing native plugins compatible for Editor in 0.33 ms, found 1 plugins.
Preloading 0 native plugins for Editor in 0.00 ms.
Unloading 1791 Unused Serialized files (Serialized files now loaded: 0)
System memory in use before: 87.6 MB.
System memory in use after: 87.8 MB.

Unloading 8 unused Assets to reduce memory usage. Loaded Objects now: 2320.
Total: 1.948200 ms (FindLiveObjects: 0.216900 ms CreateObjectMapping: 0.083700 ms MarkObjects: 1.630500 ms  DeleteObjects: 0.016100 ms)

========================================================================
Received Prepare
Registering precompiled user dll's ...
Registered in 0.000991 seconds.
Begin MonoManager ReloadAssembly
Native extension for WindowsStandalone target not found
Refreshing native plugins compatible for Editor in 0.34 ms, found 1 plugins.
Preloading 0 native plugins for Editor in 0.00 ms.
Invoked RoslynAnalysisRunner static constructor.
RoslynAnalysisRunner will not be running.
RoslynAnalysisRunner has terminated.
Mono: successfully reloaded assembly
- Completed reload, in  0.750 seconds
Platform modules already initialized, skipping
Refreshing native plugins compatible for Editor in 0.33 ms, found 1 plugins.
Preloading 0 native plugins for Editor in 0.00 ms.
Unloading 1791 Unused Serialized files (Serialized files now loaded: 0)
System memory in use before: 87.7 MB.
System memory in use after: 87.8 MB.

Unloading 8 unused Assets to reduce memory usage. Loaded Objects now: 2322.
Total: 1.788400 ms (FindLiveObjects: 0.207400 ms CreateObjectMapping: 0.078300 ms MarkObjects: 1.486600 ms  DeleteObjects: 0.015200 ms)

========================================================================
Received Import Request.
  Time since last request: 331.214667 seconds.
  path: Assets/Scenes/Lab3_credits.unity
  artifactKey: Guid(74fe27ba589fb3b46a9094c8bd9ecb47) Importer(815301076,1909f56bfc062723c751e8b465ee728b)
Start importing Assets/Scenes/Lab3_credits.unity using Guid(74fe27ba589fb3b46a9094c8bd9ecb47) Importer(815301076,1909f56bfc062723c751e8b465ee728b)  -> (artifact id: '36f7d941fd2fdbb152e685e8c40a6c0c') in 0.013657 seconds
  Import took 0.017438 seconds .

========================================================================
Received Import Request.
  Time since last request: 3.605752 seconds.
  path: Assets/Scenes/Lab3_restart.unity
  artifactKey: Guid(f64f5174d36130843bb47205ba22ab79) Importer(815301076,1909f56bfc062723c751e8b465ee728b)
Start importing Assets/Scenes/Lab3_restart.unity using Guid(f64f5174d36130843bb47205ba22ab79) Importer(815301076,1909f56bfc062723c751e8b465ee728b)  -> (artifact id: '551084ab9cfb8b0130d0120be4e7bc93') in 0.004447 seconds
  Import took 0.008561 seconds .

========================================================================
Received Import Request.
  Time since last request: 0.000708 seconds.
  path: Assets/Scenes/Lab3_restart.unity
  artifactKey: Guid(f64f5174d36130843bb47205ba22ab79) Importer(815301076,1909f56bfc062723c751e8b465ee728b)
Start importing Assets/Scenes/Lab3_restart.unity using Guid(f64f5174d36130843bb47205ba22ab79) Importer(815301076,1909f56bfc062723c751e8b465ee728b)  -> (artifact id: '551084ab9cfb8b0130d0120be4e7bc93') in 0.003123 seconds
  Import took 0.006448 seconds .

========================================================================
Received Import Request.
  Time since last request: 43.323168 seconds.
  path: Assets/Scenes/Lab3_credits.unity
  artifactKey: Guid(74fe27ba589fb3b46a9094c8bd9ecb47) Importer(815301076,1909f56bfc062723c751e8b465ee728b)
Start importing Assets/Scenes/Lab3_credits.unity using Guid(74fe27ba589fb3b46a9094c8bd9ecb47) Importer(815301076,1909f56bfc062723c751e8b465ee728b)  -> (artifact id: '9c6c49ebaae53d90c6ea494d80fc32bc') in 0.004803 seconds
  Import took 0.008081 seconds .

========================================================================
Received Prepare
Registering precompiled user dll's ...
Registered in 0.000962 seconds.
Begin MonoManager ReloadAssembly
Native extension for WindowsStandalone target not found
Refreshing native plugins compatible for Editor in 0.35 ms, found 1 plugins.
Preloading 0 native plugins for Editor in 0.00 ms.
Invoked RoslynAnalysisRunner static constructor.
RoslynAnalysisRunner will not be running.
RoslynAnalysisRunner has terminated.
Mono: successfully reloaded assembly
- Completed reload, in  0.757 seconds
Platform modules already initialized, skipping
Refreshing native plugins compatible for Editor in 0.33 ms, found 1 plugins.
Preloading 0 native plugins for Editor in 0.00 ms.
Unloading 1791 Unused Serialized files (Serialized files now loaded: 0)
System memory in use before: 87.7 MB.
System memory in use after: 87.8 MB.

Unloading 8 unused Assets to reduce memory usage. Loaded Objects now: 2324.
Total: 1.826600 ms (FindLiveObjects: 0.183700 ms CreateObjectMapping: 0.065800 ms MarkObjects: 1.561300 ms  DeleteObjects: 0.015200 ms)

========================================================================
Received Prepare
Registering precompiled user dll's ...
Registered in 0.000990 seconds.
Begin MonoManager ReloadAssembly
Native extension for WindowsStandalone target not found
Refreshing native plugins compatible for Editor in 0.35 ms, found 1 plugins.
Preloading 0 native plugins for Editor in 0.00 ms.
Invoked RoslynAnalysisRunner static constructor.
RoslynAnalysisRunner will not be running.
RoslynAnalysisRunner has terminated.
Mono: successfully reloaded assembly
- Completed reload, in  0.761 seconds
Platform modules already initialized, skipping
Refreshing native plugins compatible for Editor in 0.33 ms, found 1 plugins.
Preloading 0 native plugins for Editor in 0.00 ms.
Unloading 1791 Unused Serialized files (Serialized files now loaded: 0)
System memory in use before: 87.7 MB.
System memory in use after: 87.8 MB.

Unloading 8 unused Assets to reduce memory usage. Loaded Objects now: 2326.
Total: 1.831600 ms (FindLiveObjects: 0.190700 ms CreateObjectMapping: 0.086400 ms MarkObjects: 1.538300 ms  DeleteObjects: 0.015300 ms)

========================================================================
Received Prepare
Registering precompiled user dll's ...
Registered in 0.001062 seconds.
Begin MonoManager ReloadAssembly
Native extension for WindowsStandalone target not found
Refreshing native plugins compatible for Editor in 0.33 ms, found 1 plugins.
Preloading 0 native plugins for Editor in 0.00 ms.
Invoked RoslynAnalysisRunner static constructor.
RoslynAnalysisRunner will not be running.
RoslynAnalysisRunner has terminated.
Mono: successfully reloaded assembly
- Completed reload, in  0.745 seconds
Platform modules already initialized, skipping
Refreshing native plugins compatible for Editor in 0.35 ms, found 1 plugins.
Preloading 0 native plugins for Editor in 0.00 ms.
Unloading 1791 Unused Serialized files (Serialized files now loaded: 0)
System memory in use before: 87.7 MB.
System memory in use after: 87.8 MB.

Unloading 8 unused Assets to reduce memory usage. Loaded Objects now: 2328.
Total: 1.794600 ms (FindLiveObjects: 0.177200 ms CreateObjectMapping: 0.066100 ms MarkObjects: 1.535100 ms  DeleteObjects: 0.015300 ms)

========================================================================
Received Prepare
Registering precompiled user dll's ...
Registered in 0.000871 seconds.
Begin MonoManager ReloadAssembly
Native extension for WindowsStandalone target not found
Refreshing native plugins compatible for Editor in 0.33 ms, found 1 plugins.
Preloading 0 native plugins for Editor in 0.00 ms.
Invoked RoslynAnalysisRunner static constructor.
RoslynAnalysisRunner will not be running.
RoslynAnalysisRunner has terminated.
Mono: successfully reloaded assembly
- Completed reload, in  0.747 seconds
Platform modules already initialized, skipping
Refreshing native plugins compatible for Editor in 0.33 ms, found 1 plugins.
Preloading 0 native plugins for Editor in 0.00 ms.
Unloading 1791 Unused Serialized files (Serialized files now loaded: 0)
System memory in use before: 87.7 MB.
System memory in use after: 87.8 MB.

Unloading 8 unused Assets to reduce memory usage. Loaded Objects now: 2330.
Total: 1.911100 ms (FindLiveObjects: 0.222700 ms CreateObjectMapping: 0.083000 ms MarkObjects: 1.589200 ms  DeleteObjects: 0.015500 ms)

AssetImportWorkerClient::OnTransportError - code=2 error=End of file
